[2015-08-27 23:29:27,832] DEBUG preRegister called. Server=com.sun.jmx.mbeanserver.JmxMBeanServer@66d3c617, name=log4j:logger=kafka.controller (kafka.controller)
[2015-08-27 23:29:35,584] INFO [Controller 0]: Controller starting up (kafka.controller.KafkaController)
[2015-08-27 23:29:35,610] INFO [Controller 0]: Broker 0 starting become controller state transition (kafka.controller.KafkaController)
[2015-08-27 23:29:35,617] INFO [Controller 0]: Controller 0 incremented epoch to 1 (kafka.controller.KafkaController)
[2015-08-27 23:29:35,629] INFO [Controller 0]: Partitions undergoing preferred replica election:  (kafka.controller.KafkaController)
[2015-08-27 23:29:35,630] INFO [Controller 0]: Partitions that completed preferred replica election:  (kafka.controller.KafkaController)
[2015-08-27 23:29:35,630] INFO [Controller 0]: Resuming preferred replica election for partitions:  (kafka.controller.KafkaController)
[2015-08-27 23:29:35,632] INFO [Controller 0]: Partitions being reassigned: Map() (kafka.controller.KafkaController)
[2015-08-27 23:29:35,633] INFO [Controller 0]: Partitions already reassigned: List() (kafka.controller.KafkaController)
[2015-08-27 23:29:35,634] INFO [Controller 0]: Resuming reassignment of partitions: Map() (kafka.controller.KafkaController)
[2015-08-27 23:29:35,636] INFO [Controller 0]: List of topics to be deleted:  (kafka.controller.KafkaController)
[2015-08-27 23:29:35,637] INFO [Controller 0]: List of topics ineligible for deletion:  (kafka.controller.KafkaController)
[2015-08-27 23:29:35,639] INFO [Controller 0]: Currently active brokers in the cluster: Set() (kafka.controller.KafkaController)
[2015-08-27 23:29:35,640] INFO [Controller 0]: Currently shutting brokers in the cluster: Set() (kafka.controller.KafkaController)
[2015-08-27 23:29:35,640] INFO [Controller 0]: Current list of topics in the cluster: Set() (kafka.controller.KafkaController)
[2015-08-27 23:29:35,642] INFO [Replica state machine on controller 0]: Started replica state machine with initial state -> Map() (kafka.controller.ReplicaStateMachine)
[2015-08-27 23:29:35,645] INFO [Partition state machine on Controller 0]: Started partition state machine with initial state -> Map() (kafka.controller.PartitionStateMachine)
[2015-08-27 23:29:35,646] INFO [Controller 0]: Broker 0 is ready to serve as the new controller with epoch 1 (kafka.controller.KafkaController)
[2015-08-27 23:29:35,646] INFO [Controller 0]: Starting preferred replica leader election for partitions  (kafka.controller.KafkaController)
[2015-08-27 23:29:35,647] INFO [Partition state machine on Controller 0]: Invoking state change to OnlinePartition for partitions  (kafka.controller.PartitionStateMachine)
[2015-08-27 23:29:35,652] INFO [Controller 0]: starting the partition rebalance scheduler (kafka.controller.KafkaController)
[2015-08-27 23:29:35,653] INFO [Controller 0]: Controller startup complete (kafka.controller.KafkaController)
[2015-08-27 23:29:35,711] INFO [BrokerChangeListener on Controller 0]: Broker change listener fired for path /brokers/ids with children 0 (kafka.controller.ReplicaStateMachine$BrokerChangeListener)
[2015-08-27 23:29:35,738] INFO [BrokerChangeListener on Controller 0]: Newly added brokers: 0, deleted brokers: , all live brokers: 0 (kafka.controller.ReplicaStateMachine$BrokerChangeListener)
[2015-08-27 23:29:35,738] DEBUG [Channel manager on controller 0]: Controller 0 trying to connect to broker 0 (kafka.controller.ControllerChannelManager)
[2015-08-27 23:29:35,742] INFO [Controller-0-to-broker-0-send-thread], Controller 0 connected to id:0,host:localhost.localdomain,port:9092 for sending state change requests (kafka.controller.RequestSendThread)
[2015-08-27 23:29:35,744] INFO [Controller 0]: New broker startup callback for 0 (kafka.controller.KafkaController)
[2015-08-27 23:29:35,744] INFO [Controller-0-to-broker-0-send-thread], Starting  (kafka.controller.RequestSendThread)
[2015-08-27 23:29:40,655] TRACE [Controller 0]: checking need to trigger partition rebalance (kafka.controller.KafkaController)
[2015-08-27 23:29:40,658] DEBUG [Controller 0]: preferred replicas by broker Map() (kafka.controller.KafkaController)
[2015-08-27 23:30:03,095] INFO [Controller 0]: Shutting down broker 0 (kafka.controller.KafkaController)
[2015-08-27 23:30:03,096] DEBUG [Controller 0]: All shutting down brokers: 0 (kafka.controller.KafkaController)
[2015-08-27 23:30:03,096] DEBUG [Controller 0]: Live brokers:  (kafka.controller.KafkaController)
[2015-08-27 23:30:03,099] TRACE [Controller 0]: All leaders =  (kafka.controller.KafkaController)
[2015-08-27 23:30:03,122] INFO [BrokerChangeListener on Controller 0]: Broker change listener fired for path /brokers/ids with children  (kafka.controller.ReplicaStateMachine$BrokerChangeListener)
[2015-08-27 23:30:03,123] INFO [BrokerChangeListener on Controller 0]: Newly added brokers: , deleted brokers: 0, all live brokers:  (kafka.controller.ReplicaStateMachine$BrokerChangeListener)
[2015-08-27 23:30:03,124] INFO [Controller-0-to-broker-0-send-thread], Shutting down (kafka.controller.RequestSendThread)
[2015-08-27 23:30:03,124] INFO [Controller-0-to-broker-0-send-thread], Shutdown completed (kafka.controller.RequestSendThread)
[2015-08-27 23:30:03,125] INFO [Controller 0]: Broker failure callback for 0 (kafka.controller.KafkaController)
[2015-08-27 23:30:03,126] INFO [Controller-0-to-broker-0-send-thread], Stopped  (kafka.controller.RequestSendThread)
[2015-08-27 23:30:03,127] INFO [Controller 0]: Removed ArrayBuffer(0) from list of shutting down brokers. (kafka.controller.KafkaController)
[2015-08-27 23:30:03,128] INFO [Partition state machine on Controller 0]: Invoking state change to OfflinePartition for partitions  (kafka.controller.PartitionStateMachine)
[2015-08-27 23:30:03,437] INFO [Partition state machine on Controller 0]: Stopped partition state machine (kafka.controller.PartitionStateMachine)
[2015-08-27 23:30:03,437] INFO [Replica state machine on controller 0]: Stopped replica state machine (kafka.controller.ReplicaStateMachine)
