[2015-08-25 15:38:16,045] ERROR Closing socket for /192.168.1.106 because of error (kafka.network.Processor)
java.io.IOException: Connection reset by peer
	at sun.nio.ch.FileDispatcherImpl.read0(Native Method)
	at sun.nio.ch.SocketDispatcher.read(SocketDispatcher.java:39)
	at sun.nio.ch.IOUtil.readIntoNativeBuffer(IOUtil.java:223)
	at sun.nio.ch.IOUtil.read(IOUtil.java:197)
	at sun.nio.ch.SocketChannelImpl.read(SocketChannelImpl.java:375)
	at kafka.utils.Utils$.read(Utils.scala:380)
	at kafka.network.BoundedByteBufferReceive.readFrom(BoundedByteBufferReceive.scala:54)
	at kafka.network.Processor.read(SocketServer.scala:444)
	at kafka.network.Processor.run(SocketServer.scala:340)
	at java.lang.Thread.run(Thread.java:745)
[2015-08-25 15:38:45,969] INFO Closing socket connection to /192.168.1.106. (kafka.network.Processor)
[2015-08-25 15:39:27,845] ERROR Closing socket for /192.168.1.106 because of error (kafka.network.Processor)
java.io.IOException: Connection reset by peer
	at sun.nio.ch.FileDispatcherImpl.read0(Native Method)
	at sun.nio.ch.SocketDispatcher.read(SocketDispatcher.java:39)
	at sun.nio.ch.IOUtil.readIntoNativeBuffer(IOUtil.java:223)
	at sun.nio.ch.IOUtil.read(IOUtil.java:197)
	at sun.nio.ch.SocketChannelImpl.read(SocketChannelImpl.java:375)
	at kafka.utils.Utils$.read(Utils.scala:380)
	at kafka.network.BoundedByteBufferReceive.readFrom(BoundedByteBufferReceive.scala:54)
	at kafka.network.Processor.read(SocketServer.scala:444)
	at kafka.network.Processor.run(SocketServer.scala:340)
	at java.lang.Thread.run(Thread.java:745)
[2015-08-25 15:39:57,754] INFO Closing socket connection to /192.168.1.106. (kafka.network.Processor)
[2015-08-25 15:40:31,358] INFO [Kafka Server 0], shutting down (kafka.server.KafkaServer)
[2015-08-25 15:40:31,359] INFO [Kafka Server 0], Starting controlled shutdown (kafka.server.KafkaServer)
[2015-08-25 15:40:31,392] INFO [Kafka Server 0], Controlled shutdown succeeded (kafka.server.KafkaServer)
[2015-08-25 15:40:31,396] INFO Closing socket connection to /192.168.1.106. (kafka.network.Processor)
[2015-08-25 15:40:31,516] INFO Deregistered broker 0 at path /brokers/ids/0. (kafka.utils.ZkUtils$)
[2015-08-25 15:40:31,517] INFO [Socket Server on Broker 0], Shutting down (kafka.network.SocketServer)
[2015-08-25 15:40:31,536] INFO [Socket Server on Broker 0], Shutdown completed (kafka.network.SocketServer)
[2015-08-25 15:40:31,537] INFO [Kafka Request Handler on Broker 0], shutting down (kafka.server.KafkaRequestHandlerPool)
[2015-08-25 15:40:31,543] INFO [Kafka Request Handler on Broker 0], shut down completely (kafka.server.KafkaRequestHandlerPool)
[2015-08-25 15:40:31,721] INFO [Replica Manager on Broker 0]: Shut down (kafka.server.ReplicaManager)
[2015-08-25 15:40:31,721] INFO [ReplicaFetcherManager on broker 0] shutting down (kafka.server.ReplicaFetcherManager)
[2015-08-25 15:40:31,723] INFO [ReplicaFetcherManager on broker 0] shutdown completed (kafka.server.ReplicaFetcherManager)
[2015-08-25 15:40:31,725] INFO [Replica Manager on Broker 0]: Shut down completely (kafka.server.ReplicaManager)
[2015-08-25 15:40:31,726] INFO Shutting down. (kafka.log.LogManager)
[2015-08-25 15:40:31,744] INFO Shutdown complete. (kafka.log.LogManager)
[2015-08-25 15:40:31,752] INFO [Kafka Server 0], shut down completed (kafka.server.KafkaServer)
[2015-08-25 15:40:48,067] INFO Verifying properties (kafka.utils.VerifiableProperties)
[2015-08-25 15:40:48,124] INFO Property broker.id is overridden to 0 (kafka.utils.VerifiableProperties)
[2015-08-25 15:40:48,125] INFO Property log.cleaner.enable is overridden to false (kafka.utils.VerifiableProperties)
[2015-08-25 15:40:48,125] INFO Property log.dirs is overridden to /tmp/kafka-logs (kafka.utils.VerifiableProperties)
[2015-08-25 15:40:48,126] INFO Property log.retention.check.interval.ms is overridden to 300000 (kafka.utils.VerifiableProperties)
[2015-08-25 15:40:48,126] INFO Property log.retention.hours is overridden to 168 (kafka.utils.VerifiableProperties)
[2015-08-25 15:40:48,126] INFO Property log.segment.bytes is overridden to 1073741824 (kafka.utils.VerifiableProperties)
[2015-08-25 15:40:48,126] INFO Property num.io.threads is overridden to 8 (kafka.utils.VerifiableProperties)
[2015-08-25 15:40:48,127] INFO Property num.network.threads is overridden to 3 (kafka.utils.VerifiableProperties)
[2015-08-25 15:40:48,127] INFO Property num.partitions is overridden to 1 (kafka.utils.VerifiableProperties)
[2015-08-25 15:40:48,127] INFO Property num.recovery.threads.per.data.dir is overridden to 1 (kafka.utils.VerifiableProperties)
[2015-08-25 15:40:48,128] INFO Property port is overridden to 9092 (kafka.utils.VerifiableProperties)
[2015-08-25 15:40:48,128] INFO Property socket.receive.buffer.bytes is overridden to 102400 (kafka.utils.VerifiableProperties)
[2015-08-25 15:40:48,129] INFO Property socket.request.max.bytes is overridden to 104857600 (kafka.utils.VerifiableProperties)
[2015-08-25 15:40:48,129] INFO Property socket.send.buffer.bytes is overridden to 102400 (kafka.utils.VerifiableProperties)
[2015-08-25 15:40:48,129] INFO Property zookeeper.connect is overridden to localhost:2181 (kafka.utils.VerifiableProperties)
[2015-08-25 15:40:48,129] INFO Property zookeeper.connection.timeout.ms is overridden to 6000 (kafka.utils.VerifiableProperties)
[2015-08-25 15:40:48,190] INFO [Kafka Server 0], starting (kafka.server.KafkaServer)
[2015-08-25 15:40:48,193] INFO [Kafka Server 0], Connecting to zookeeper on localhost:2181 (kafka.server.KafkaServer)
[2015-08-25 15:40:53,601] INFO Loading logs. (kafka.log.LogManager)
[2015-08-25 15:40:53,671] INFO Completed load of log pythontest-0 with log end offset 6 (kafka.log.Log)
[2015-08-25 15:40:53,681] INFO Logs loading complete. (kafka.log.LogManager)
[2015-08-25 15:40:53,682] INFO Starting log cleanup with a period of 300000 ms. (kafka.log.LogManager)
[2015-08-25 15:40:53,686] INFO Starting log flusher with a default period of 9223372036854775807 ms. (kafka.log.LogManager)
[2015-08-25 15:40:53,720] INFO Awaiting socket connections on 0.0.0.0:9092. (kafka.network.Acceptor)
[2015-08-25 15:40:53,722] INFO [Socket Server on Broker 0], Started (kafka.network.SocketServer)
[2015-08-25 15:40:53,798] INFO Will not load MX4J, mx4j-tools.jar is not in the classpath (kafka.utils.Mx4jLoader$)
[2015-08-25 15:40:53,848] INFO 0 successfully elected as leader (kafka.server.ZookeeperLeaderElector)
[2015-08-25 15:40:54,032] INFO New leader is 0 (kafka.server.ZookeeperLeaderElector$LeaderChangeListener)
[2015-08-25 15:40:54,041] INFO Registered broker 0 at path /brokers/ids/0 with address 192.168.1.106:9092. (kafka.utils.ZkUtils$)
[2015-08-25 15:40:54,154] INFO [Kafka Server 0], started (kafka.server.KafkaServer)
[2015-08-25 15:40:54,331] ERROR Closing socket for /192.168.1.106 because of error (kafka.network.Processor)
java.io.IOException: Connection reset by peer
	at sun.nio.ch.FileDispatcherImpl.read0(Native Method)
	at sun.nio.ch.SocketDispatcher.read(SocketDispatcher.java:39)
	at sun.nio.ch.IOUtil.readIntoNativeBuffer(IOUtil.java:223)
	at sun.nio.ch.IOUtil.read(IOUtil.java:197)
	at sun.nio.ch.SocketChannelImpl.read(SocketChannelImpl.java:375)
	at kafka.utils.Utils$.read(Utils.scala:380)
	at kafka.network.BoundedByteBufferReceive.readFrom(BoundedByteBufferReceive.scala:54)
	at kafka.network.Processor.read(SocketServer.scala:444)
	at kafka.network.Processor.run(SocketServer.scala:340)
	at java.lang.Thread.run(Thread.java:745)
[2015-08-25 15:40:54,359] INFO [ReplicaFetcherManager on broker 0] Removed fetcher for partitions  (kafka.server.ReplicaFetcherManager)
[2015-08-25 15:40:54,372] INFO [ReplicaFetcherManager on broker 0] Added fetcher for partitions List() (kafka.server.ReplicaFetcherManager)
[2015-08-25 15:40:54,397] INFO [ReplicaFetcherManager on broker 0] Removed fetcher for partitions [pythontest,0] (kafka.server.ReplicaFetcherManager)
[2015-08-25 15:41:24,085] INFO Closing socket connection to /192.168.1.106. (kafka.network.Processor)
[2015-08-25 15:41:25,443] INFO [Kafka Server 0], shutting down (kafka.server.KafkaServer)
[2015-08-25 15:41:25,466] INFO [Kafka Server 0], Starting controlled shutdown (kafka.server.KafkaServer)
[2015-08-25 15:41:25,503] INFO [Kafka Server 0], Controlled shutdown succeeded (kafka.server.KafkaServer)
[2015-08-25 15:41:25,504] INFO Closing socket connection to /192.168.1.106. (kafka.network.Processor)
[2015-08-25 15:41:25,509] INFO Deregistered broker 0 at path /brokers/ids/0. (kafka.utils.ZkUtils$)
[2015-08-25 15:41:25,511] INFO [Socket Server on Broker 0], Shutting down (kafka.network.SocketServer)
[2015-08-25 15:41:25,526] INFO Closing socket connection to /192.168.1.106. (kafka.network.Processor)
[2015-08-25 15:41:25,546] INFO [Socket Server on Broker 0], Shutdown completed (kafka.network.SocketServer)
[2015-08-25 15:41:25,548] INFO [Kafka Request Handler on Broker 0], shutting down (kafka.server.KafkaRequestHandlerPool)
[2015-08-25 15:41:25,608] INFO [Kafka Request Handler on Broker 0], shut down completely (kafka.server.KafkaRequestHandlerPool)
[2015-08-25 15:41:25,966] INFO [Replica Manager on Broker 0]: Shut down (kafka.server.ReplicaManager)
[2015-08-25 15:41:25,967] INFO [ReplicaFetcherManager on broker 0] shutting down (kafka.server.ReplicaFetcherManager)
[2015-08-25 15:41:25,968] INFO [ReplicaFetcherManager on broker 0] shutdown completed (kafka.server.ReplicaFetcherManager)
[2015-08-25 15:41:25,971] INFO [Replica Manager on Broker 0]: Shut down completely (kafka.server.ReplicaManager)
[2015-08-25 15:41:25,972] INFO Shutting down. (kafka.log.LogManager)
[2015-08-25 15:41:25,984] INFO Shutdown complete. (kafka.log.LogManager)
[2015-08-25 15:41:25,993] INFO [Kafka Server 0], shut down completed (kafka.server.KafkaServer)
[2015-08-25 15:42:16,718] INFO Verifying properties (kafka.utils.VerifiableProperties)
[2015-08-25 15:42:16,770] INFO Property broker.id is overridden to 0 (kafka.utils.VerifiableProperties)
[2015-08-25 15:42:16,771] INFO Property log.cleaner.enable is overridden to false (kafka.utils.VerifiableProperties)
[2015-08-25 15:42:16,771] INFO Property log.dirs is overridden to /tmp/kafka-logs (kafka.utils.VerifiableProperties)
[2015-08-25 15:42:16,771] INFO Property log.retention.check.interval.ms is overridden to 300000 (kafka.utils.VerifiableProperties)
[2015-08-25 15:42:16,771] INFO Property log.retention.hours is overridden to 168 (kafka.utils.VerifiableProperties)
[2015-08-25 15:42:16,772] INFO Property log.segment.bytes is overridden to 1073741824 (kafka.utils.VerifiableProperties)
[2015-08-25 15:42:16,772] INFO Property num.io.threads is overridden to 8 (kafka.utils.VerifiableProperties)
[2015-08-25 15:42:16,772] INFO Property num.network.threads is overridden to 3 (kafka.utils.VerifiableProperties)
[2015-08-25 15:42:16,773] INFO Property num.partitions is overridden to 1 (kafka.utils.VerifiableProperties)
[2015-08-25 15:42:16,773] INFO Property num.recovery.threads.per.data.dir is overridden to 1 (kafka.utils.VerifiableProperties)
[2015-08-25 15:42:16,773] INFO Property port is overridden to 9092 (kafka.utils.VerifiableProperties)
[2015-08-25 15:42:16,773] INFO Property socket.receive.buffer.bytes is overridden to 102400 (kafka.utils.VerifiableProperties)
[2015-08-25 15:42:16,774] INFO Property socket.request.max.bytes is overridden to 104857600 (kafka.utils.VerifiableProperties)
[2015-08-25 15:42:16,774] INFO Property socket.send.buffer.bytes is overridden to 102400 (kafka.utils.VerifiableProperties)
[2015-08-25 15:42:16,774] INFO Property zookeeper.connect is overridden to localhost:2181 (kafka.utils.VerifiableProperties)
[2015-08-25 15:42:16,774] INFO Property zookeeper.connection.timeout.ms is overridden to 6000 (kafka.utils.VerifiableProperties)
[2015-08-25 15:42:16,834] INFO [Kafka Server 0], starting (kafka.server.KafkaServer)
[2015-08-25 15:42:16,837] INFO [Kafka Server 0], Connecting to zookeeper on localhost:2181 (kafka.server.KafkaServer)
[2015-08-25 15:42:17,119] INFO Loading logs. (kafka.log.LogManager)
[2015-08-25 15:42:17,164] INFO Completed load of log pythontest-0 with log end offset 6 (kafka.log.Log)
[2015-08-25 15:42:17,172] INFO Logs loading complete. (kafka.log.LogManager)
[2015-08-25 15:42:17,173] INFO Starting log cleanup with a period of 300000 ms. (kafka.log.LogManager)
[2015-08-25 15:42:17,176] INFO Starting log flusher with a default period of 9223372036854775807 ms. (kafka.log.LogManager)
[2015-08-25 15:42:17,205] INFO Awaiting socket connections on 0.0.0.0:9092. (kafka.network.Acceptor)
[2015-08-25 15:42:17,207] INFO [Socket Server on Broker 0], Started (kafka.network.SocketServer)
[2015-08-25 15:42:17,285] INFO Will not load MX4J, mx4j-tools.jar is not in the classpath (kafka.utils.Mx4jLoader$)
[2015-08-25 15:42:17,325] INFO 0 successfully elected as leader (kafka.server.ZookeeperLeaderElector)
[2015-08-25 15:42:17,501] INFO New leader is 0 (kafka.server.ZookeeperLeaderElector$LeaderChangeListener)
[2015-08-25 15:42:17,510] INFO Registered broker 0 at path /brokers/ids/0 with address 192.168.1.106:9092. (kafka.utils.ZkUtils$)
[2015-08-25 15:42:17,575] INFO [Kafka Server 0], started (kafka.server.KafkaServer)
[2015-08-25 15:42:17,842] INFO Closing socket connection to /192.168.1.106. (kafka.network.Processor)
[2015-08-25 15:42:17,867] INFO [ReplicaFetcherManager on broker 0] Removed fetcher for partitions  (kafka.server.ReplicaFetcherManager)
[2015-08-25 15:42:17,880] INFO [ReplicaFetcherManager on broker 0] Added fetcher for partitions List() (kafka.server.ReplicaFetcherManager)
[2015-08-25 15:42:17,899] INFO [ReplicaFetcherManager on broker 0] Removed fetcher for partitions [pythontest,0] (kafka.server.ReplicaFetcherManager)
[2015-08-25 15:42:18,011] INFO Closing socket connection to /192.168.1.106. (kafka.network.Processor)
[2015-08-25 15:43:02,452] ERROR Closing socket for /192.168.1.106 because of error (kafka.network.Processor)
java.io.IOException: Connection reset by peer
	at sun.nio.ch.FileDispatcherImpl.read0(Native Method)
	at sun.nio.ch.SocketDispatcher.read(SocketDispatcher.java:39)
	at sun.nio.ch.IOUtil.readIntoNativeBuffer(IOUtil.java:223)
	at sun.nio.ch.IOUtil.read(IOUtil.java:197)
	at sun.nio.ch.SocketChannelImpl.read(SocketChannelImpl.java:375)
	at kafka.utils.Utils$.read(Utils.scala:380)
	at kafka.network.BoundedByteBufferReceive.readFrom(BoundedByteBufferReceive.scala:54)
	at kafka.network.Processor.read(SocketServer.scala:444)
	at kafka.network.Processor.run(SocketServer.scala:340)
	at java.lang.Thread.run(Thread.java:745)
[2015-08-25 15:43:32,360] INFO Closing socket connection to /192.168.1.106. (kafka.network.Processor)
[2015-08-25 15:44:57,120] ERROR Closing socket for /192.168.1.106 because of error (kafka.network.Processor)
java.io.IOException: Connection reset by peer
	at sun.nio.ch.FileDispatcherImpl.read0(Native Method)
	at sun.nio.ch.SocketDispatcher.read(SocketDispatcher.java:39)
	at sun.nio.ch.IOUtil.readIntoNativeBuffer(IOUtil.java:223)
	at sun.nio.ch.IOUtil.read(IOUtil.java:197)
	at sun.nio.ch.SocketChannelImpl.read(SocketChannelImpl.java:375)
	at kafka.utils.Utils$.read(Utils.scala:380)
	at kafka.network.BoundedByteBufferReceive.readFrom(BoundedByteBufferReceive.scala:54)
	at kafka.network.Processor.read(SocketServer.scala:444)
	at kafka.network.Processor.run(SocketServer.scala:340)
	at java.lang.Thread.run(Thread.java:745)
[2015-08-25 15:45:10,208] INFO [Kafka Server 0], shutting down (kafka.server.KafkaServer)
[2015-08-25 15:45:10,213] INFO [Kafka Server 0], Starting controlled shutdown (kafka.server.KafkaServer)
[2015-08-25 15:45:10,248] INFO [Kafka Server 0], Controlled shutdown succeeded (kafka.server.KafkaServer)
[2015-08-25 15:45:10,248] INFO Closing socket connection to /192.168.1.106. (kafka.network.Processor)
[2015-08-25 15:45:10,253] INFO Deregistered broker 0 at path /brokers/ids/0. (kafka.utils.ZkUtils$)
[2015-08-25 15:45:10,255] INFO [Socket Server on Broker 0], Shutting down (kafka.network.SocketServer)
[2015-08-25 15:45:10,265] INFO [Socket Server on Broker 0], Shutdown completed (kafka.network.SocketServer)
[2015-08-25 15:45:10,267] INFO [Kafka Request Handler on Broker 0], shutting down (kafka.server.KafkaRequestHandlerPool)
[2015-08-25 15:45:10,284] INFO [Kafka Request Handler on Broker 0], shut down completely (kafka.server.KafkaRequestHandlerPool)
[2015-08-25 15:45:10,515] INFO [Replica Manager on Broker 0]: Shut down (kafka.server.ReplicaManager)
[2015-08-25 15:45:10,516] INFO [ReplicaFetcherManager on broker 0] shutting down (kafka.server.ReplicaFetcherManager)
[2015-08-25 15:45:10,517] INFO [ReplicaFetcherManager on broker 0] shutdown completed (kafka.server.ReplicaFetcherManager)
[2015-08-25 15:45:10,519] INFO [Replica Manager on Broker 0]: Shut down completely (kafka.server.ReplicaManager)
[2015-08-25 15:45:10,520] INFO Shutting down. (kafka.log.LogManager)
[2015-08-25 15:45:10,532] INFO Shutdown complete. (kafka.log.LogManager)
[2015-08-25 15:45:10,539] INFO [Kafka Server 0], shut down completed (kafka.server.KafkaServer)
[2015-08-25 15:46:22,866] INFO Verifying properties (kafka.utils.VerifiableProperties)
[2015-08-25 15:46:22,915] INFO Property broker.id is overridden to 0 (kafka.utils.VerifiableProperties)
[2015-08-25 15:46:22,915] INFO Property log.cleaner.enable is overridden to false (kafka.utils.VerifiableProperties)
[2015-08-25 15:46:22,916] INFO Property log.dirs is overridden to /tmp/kafka-logs (kafka.utils.VerifiableProperties)
[2015-08-25 15:46:22,916] INFO Property log.retention.check.interval.ms is overridden to 300000 (kafka.utils.VerifiableProperties)
[2015-08-25 15:46:22,916] INFO Property log.retention.hours is overridden to 168 (kafka.utils.VerifiableProperties)
[2015-08-25 15:46:22,916] INFO Property log.segment.bytes is overridden to 1073741824 (kafka.utils.VerifiableProperties)
[2015-08-25 15:46:22,917] INFO Property num.io.threads is overridden to 8 (kafka.utils.VerifiableProperties)
[2015-08-25 15:46:22,917] INFO Property num.network.threads is overridden to 3 (kafka.utils.VerifiableProperties)
[2015-08-25 15:46:22,917] INFO Property num.partitions is overridden to 1 (kafka.utils.VerifiableProperties)
[2015-08-25 15:46:22,918] INFO Property num.recovery.threads.per.data.dir is overridden to 1 (kafka.utils.VerifiableProperties)
[2015-08-25 15:46:22,918] INFO Property port is overridden to 9092 (kafka.utils.VerifiableProperties)
[2015-08-25 15:46:22,918] INFO Property socket.receive.buffer.bytes is overridden to 102400 (kafka.utils.VerifiableProperties)
[2015-08-25 15:46:22,918] INFO Property socket.request.max.bytes is overridden to 104857600 (kafka.utils.VerifiableProperties)
[2015-08-25 15:46:22,919] INFO Property socket.send.buffer.bytes is overridden to 102400 (kafka.utils.VerifiableProperties)
[2015-08-25 15:46:22,920] INFO Property zookeeper.connect is overridden to localhost:2181 (kafka.utils.VerifiableProperties)
[2015-08-25 15:46:22,920] INFO Property zookeeper.connection.timeout.ms is overridden to 6000 (kafka.utils.VerifiableProperties)
[2015-08-25 15:46:22,979] INFO [Kafka Server 0], starting (kafka.server.KafkaServer)
[2015-08-25 15:46:22,981] INFO [Kafka Server 0], Connecting to zookeeper on localhost:2181 (kafka.server.KafkaServer)
[2015-08-25 15:46:25,553] INFO [Kafka Server 0], shutting down (kafka.server.KafkaServer)
[2015-08-25 15:46:25,560] INFO [Kafka Server 0], shut down completed (kafka.server.KafkaServer)
[2015-08-25 15:47:06,133] FATAL  (kafka.Kafka$)
java.io.FileNotFoundException: config/server.propertie (No such file or directory)
	at java.io.FileInputStream.open(Native Method)
	at java.io.FileInputStream.<init>(FileInputStream.java:131)
	at java.io.FileInputStream.<init>(FileInputStream.java:87)
	at kafka.utils.Utils$.loadProps(Utils.scala:146)
	at kafka.Kafka$.main(Kafka.scala:34)
	at kafka.Kafka.main(Kafka.scala)
[2015-08-25 15:47:38,368] FATAL  (kafka.Kafka$)
java.io.FileNotFoundException: config/server.propertie (No such file or directory)
	at java.io.FileInputStream.open(Native Method)
	at java.io.FileInputStream.<init>(FileInputStream.java:131)
	at java.io.FileInputStream.<init>(FileInputStream.java:87)
	at kafka.utils.Utils$.loadProps(Utils.scala:146)
	at kafka.Kafka$.main(Kafka.scala:34)
	at kafka.Kafka.main(Kafka.scala)
[2015-08-25 15:47:46,123] INFO Verifying properties (kafka.utils.VerifiableProperties)
[2015-08-25 15:47:46,181] INFO Property broker.id is overridden to 0 (kafka.utils.VerifiableProperties)
[2015-08-25 15:47:46,182] INFO Property log.cleaner.enable is overridden to false (kafka.utils.VerifiableProperties)
[2015-08-25 15:47:46,182] INFO Property log.dirs is overridden to /tmp/kafka-logs (kafka.utils.VerifiableProperties)
[2015-08-25 15:47:46,182] INFO Property log.retention.check.interval.ms is overridden to 300000 (kafka.utils.VerifiableProperties)
[2015-08-25 15:47:46,183] INFO Property log.retention.hours is overridden to 168 (kafka.utils.VerifiableProperties)
[2015-08-25 15:47:46,183] INFO Property log.segment.bytes is overridden to 1073741824 (kafka.utils.VerifiableProperties)
[2015-08-25 15:47:46,183] INFO Property num.io.threads is overridden to 8 (kafka.utils.VerifiableProperties)
[2015-08-25 15:47:46,184] INFO Property num.network.threads is overridden to 3 (kafka.utils.VerifiableProperties)
[2015-08-25 15:47:46,184] INFO Property num.partitions is overridden to 1 (kafka.utils.VerifiableProperties)
[2015-08-25 15:47:46,184] INFO Property num.recovery.threads.per.data.dir is overridden to 1 (kafka.utils.VerifiableProperties)
[2015-08-25 15:47:46,184] INFO Property port is overridden to 9092 (kafka.utils.VerifiableProperties)
[2015-08-25 15:47:46,185] INFO Property socket.receive.buffer.bytes is overridden to 102400 (kafka.utils.VerifiableProperties)
[2015-08-25 15:47:46,185] INFO Property socket.request.max.bytes is overridden to 104857600 (kafka.utils.VerifiableProperties)
[2015-08-25 15:47:46,185] INFO Property socket.send.buffer.bytes is overridden to 102400 (kafka.utils.VerifiableProperties)
[2015-08-25 15:47:46,185] INFO Property zookeeper.connect is overridden to localhost:2181 (kafka.utils.VerifiableProperties)
[2015-08-25 15:47:46,186] INFO Property zookeeper.connection.timeout.ms is overridden to 6000 (kafka.utils.VerifiableProperties)
[2015-08-25 15:47:46,247] INFO [Kafka Server 0], starting (kafka.server.KafkaServer)
[2015-08-25 15:47:46,250] INFO [Kafka Server 0], Connecting to zookeeper on localhost:2181 (kafka.server.KafkaServer)
[2015-08-25 15:47:46,515] INFO Loading logs. (kafka.log.LogManager)
[2015-08-25 15:47:46,591] INFO Completed load of log pythontest-0 with log end offset 6 (kafka.log.Log)
[2015-08-25 15:47:46,600] INFO Logs loading complete. (kafka.log.LogManager)
[2015-08-25 15:47:46,601] INFO Starting log cleanup with a period of 300000 ms. (kafka.log.LogManager)
[2015-08-25 15:47:46,604] INFO Starting log flusher with a default period of 9223372036854775807 ms. (kafka.log.LogManager)
[2015-08-25 15:47:46,635] INFO Awaiting socket connections on 0.0.0.0:9092. (kafka.network.Acceptor)
[2015-08-25 15:47:46,637] INFO [Socket Server on Broker 0], Started (kafka.network.SocketServer)
[2015-08-25 15:47:46,707] INFO Will not load MX4J, mx4j-tools.jar is not in the classpath (kafka.utils.Mx4jLoader$)
[2015-08-25 15:47:46,737] INFO 0 successfully elected as leader (kafka.server.ZookeeperLeaderElector)
[2015-08-25 15:47:46,905] INFO New leader is 0 (kafka.server.ZookeeperLeaderElector$LeaderChangeListener)
[2015-08-25 15:47:46,912] INFO Registered broker 0 at path /brokers/ids/0 with address 192.168.1.106:9092. (kafka.utils.ZkUtils$)
[2015-08-25 15:47:46,936] INFO [Kafka Server 0], started (kafka.server.KafkaServer)
[2015-08-25 15:47:47,204] ERROR Closing socket for /192.168.1.106 because of error (kafka.network.Processor)
java.io.IOException: Connection reset by peer
	at sun.nio.ch.FileDispatcherImpl.read0(Native Method)
	at sun.nio.ch.SocketDispatcher.read(SocketDispatcher.java:39)
	at sun.nio.ch.IOUtil.readIntoNativeBuffer(IOUtil.java:223)
	at sun.nio.ch.IOUtil.read(IOUtil.java:197)
	at sun.nio.ch.SocketChannelImpl.read(SocketChannelImpl.java:375)
	at kafka.utils.Utils$.read(Utils.scala:380)
	at kafka.network.BoundedByteBufferReceive.readFrom(BoundedByteBufferReceive.scala:54)
	at kafka.network.Processor.read(SocketServer.scala:444)
	at kafka.network.Processor.run(SocketServer.scala:340)
	at java.lang.Thread.run(Thread.java:745)
[2015-08-25 15:47:47,229] INFO [ReplicaFetcherManager on broker 0] Removed fetcher for partitions  (kafka.server.ReplicaFetcherManager)
[2015-08-25 15:47:47,241] INFO [ReplicaFetcherManager on broker 0] Added fetcher for partitions List() (kafka.server.ReplicaFetcherManager)
[2015-08-25 15:47:47,265] INFO [ReplicaFetcherManager on broker 0] Removed fetcher for partitions [pythontest,0] (kafka.server.ReplicaFetcherManager)
[2015-08-25 15:47:56,762] INFO [Kafka Server 0], shutting down (kafka.server.KafkaServer)
[2015-08-25 15:47:56,764] INFO [Kafka Server 0], Starting controlled shutdown (kafka.server.KafkaServer)
[2015-08-25 15:47:56,801] INFO [Kafka Server 0], Controlled shutdown succeeded (kafka.server.KafkaServer)
[2015-08-25 15:47:56,806] INFO Closing socket connection to /192.168.1.106. (kafka.network.Processor)
[2015-08-25 15:47:56,811] INFO Deregistered broker 0 at path /brokers/ids/0. (kafka.utils.ZkUtils$)
[2015-08-25 15:47:56,812] INFO [Socket Server on Broker 0], Shutting down (kafka.network.SocketServer)
[2015-08-25 15:47:56,820] INFO Closing socket connection to /192.168.1.106. (kafka.network.Processor)
[2015-08-25 15:47:56,902] INFO [Socket Server on Broker 0], Shutdown completed (kafka.network.SocketServer)
[2015-08-25 15:47:56,905] INFO [Kafka Request Handler on Broker 0], shutting down (kafka.server.KafkaRequestHandlerPool)
[2015-08-25 15:47:56,913] INFO [Kafka Request Handler on Broker 0], shut down completely (kafka.server.KafkaRequestHandlerPool)
[2015-08-25 15:47:57,362] INFO [Replica Manager on Broker 0]: Shut down (kafka.server.ReplicaManager)
[2015-08-25 15:47:57,362] INFO [ReplicaFetcherManager on broker 0] shutting down (kafka.server.ReplicaFetcherManager)
[2015-08-25 15:47:57,364] INFO [ReplicaFetcherManager on broker 0] shutdown completed (kafka.server.ReplicaFetcherManager)
[2015-08-25 15:47:57,366] INFO [Replica Manager on Broker 0]: Shut down completely (kafka.server.ReplicaManager)
[2015-08-25 15:47:57,367] INFO Shutting down. (kafka.log.LogManager)
[2015-08-25 15:47:57,380] INFO Shutdown complete. (kafka.log.LogManager)
[2015-08-25 15:47:57,387] INFO [Kafka Server 0], shut down completed (kafka.server.KafkaServer)
